<?xml version="1.0" encoding="UTF-8"?>
<coverage generated="1583098054593" clover="3.2.0">
  <project timestamp="1583098054593" name="All files">
    <metrics statements="39" coveredstatements="39" conditionals="12" coveredconditionals="8" methods="22" coveredmethods="22" elements="73" coveredelements="69" complexity="0" loc="39" ncloc="39" packages="2" files="2" classes="2"/>
    <package name="dist.src.services.news">
      <metrics statements="20" coveredstatements="20" conditionals="6" coveredconditionals="4" methods="11" coveredmethods="11"/>
      <file name="newsProvider.js" path="G:\Proyectos\Personales\API\Noticias\api\dist\src\services\news\newsProvider.js">
        <metrics statements="20" coveredstatements="20" conditionals="6" coveredconditionals="4" methods="11" coveredmethods="11"/>
        <line num="2" count="1" type="stmt"/>
        <line num="5" count="6" type="stmt"/>
        <line num="6" count="6" type="stmt"/>
        <line num="9" count="9" type="cond" truecount="2" falsecount="0"/>
        <line num="13" count="1" type="stmt"/>
        <line num="18" count="4" type="cond" truecount="1" falsecount="1"/>
        <line num="19" count="1" type="stmt"/>
        <line num="20" count="1" type="stmt"/>
        <line num="21" count="1" type="stmt"/>
        <line num="25" count="1" type="cond" truecount="1" falsecount="1"/>
        <line num="26" count="1" type="stmt"/>
        <line num="28" count="2" type="stmt"/>
        <line num="29" count="1" type="stmt"/>
        <line num="30" count="1" type="stmt"/>
        <line num="31" count="1" type="stmt"/>
        <line num="36" count="5" type="stmt"/>
        <line num="37" count="2" type="stmt"/>
        <line num="38" count="2" type="stmt"/>
        <line num="39" count="2" type="stmt"/>
        <line num="43" count="1" type="stmt"/>
      </file>
    </package>
    <package name="src.services.news">
      <metrics statements="19" coveredstatements="19" conditionals="6" coveredconditionals="4" methods="11" coveredmethods="11"/>
      <file name="newsProvider.ts" path="G:\Proyectos\Personales\API\Noticias\api\src\services\news\newsProvider.ts">
        <metrics statements="19" coveredstatements="19" conditionals="6" coveredconditionals="4" methods="11" coveredmethods="11"/>
        <line num="6" count="6" type="stmt"/>
        <line num="9" count="6" type="stmt"/>
        <line num="14" count="9" type="cond" truecount="2" falsecount="0"/>
        <line num="18" count="1" type="stmt"/>
        <line num="24" count="4" type="cond" truecount="1" falsecount="1"/>
        <line num="26" count="1" type="stmt"/>
        <line num="31" count="1" type="stmt"/>
        <line num="33" count="1" type="stmt"/>
        <line num="38" count="1" type="cond" truecount="1" falsecount="1"/>
        <line num="39" count="1" type="stmt"/>
        <line num="41" count="2" type="stmt"/>
        <line num="43" count="1" type="stmt"/>
        <line num="45" count="1" type="stmt"/>
        <line num="47" count="1" type="stmt"/>
        <line num="53" count="5" type="stmt"/>
        <line num="55" count="2" type="stmt"/>
        <line num="57" count="2" type="stmt"/>
        <line num="59" count="2" type="stmt"/>
        <line num="63" count="1" type="stmt"/>
      </file>
    </package>
  </project>
</coverage>
