<?xml version="1.0" encoding="UTF-8"?>
<coverage generated="1582642170898" clover="3.2.0">
  <project timestamp="1582642170898" name="All files">
    <metrics statements="18" coveredstatements="14" conditionals="6" coveredconditionals="4" methods="9" coveredmethods="7" elements="33" coveredelements="25" complexity="0" loc="18" ncloc="18" packages="1" files="1" classes="1"/>
    <file name="newsProvider.ts" path="C:\Users\allison_reynoso\IdeaProjects\Noticias\src\services\news\newsProvider.ts">
      <metrics statements="18" coveredstatements="14" conditionals="6" coveredconditionals="4" methods="9" coveredmethods="7"/>
      <line num="6" count="1" type="stmt"/>
      <line num="9" count="1" type="stmt"/>
      <line num="14" count="5" type="cond" truecount="2" falsecount="0"/>
      <line num="20" count="4" type="cond" truecount="1" falsecount="1"/>
      <line num="22" count="1" type="stmt"/>
      <line num="27" count="1" type="stmt"/>
      <line num="29" count="1" type="stmt"/>
      <line num="34" count="1" type="cond" truecount="1" falsecount="1"/>
      <line num="35" count="1" type="stmt"/>
      <line num="37" count="2" type="stmt"/>
      <line num="39" count="1" type="stmt"/>
      <line num="41" count="1" type="stmt"/>
      <line num="43" count="1" type="stmt"/>
      <line num="49" count="0" type="stmt"/>
      <line num="51" count="0" type="stmt"/>
      <line num="53" count="0" type="stmt"/>
      <line num="54" count="0" type="stmt"/>
      <line num="59" count="1" type="stmt"/>
    </file>
  </project>
</coverage>
