{"C:\\Users\\allison_reynoso\\IdeaProjects\\Noticias\\src\\services\\news\\newsProvider.ts": {"path":"C:\\Users\\allison_reynoso\\IdeaProjects\\Noticias\\src\\services\\news\\newsProvider.ts","statementMap":{"0":{"start":{"line":6,"column":4},"end":{"line":6,"column":27}},"1":{"start":{"line":9,"column":6},"end":{"line":9,"column":23}},"2":{"start":{"line":14,"column":8},"end":{"line":14,"column":111}},"3":{"start":{"line":14,"column":61},"end":{"line":14,"column":99}},"4":{"start":{"line":20,"column":30},"end":{"line":20,"column":120}},"5":{"start":{"line":20,"column":77},"end":{"line":20,"column":112}},"6":{"start":{"line":22,"column":24},"end":{"line":24,"column":null}},"7":{"start":{"line":27,"column":8},"end":{"line":27,"column":35}},"8":{"start":{"line":29,"column":8},"end":{"line":29,"column":26}},"9":{"start":{"line":34,"column":8},"end":{"line":36,"column":null}},"10":{"start":{"line":35,"column":10},"end":{"line":35,"column":54}},"11":{"start":{"line":37,"column":30},"end":{"line":37,"column":86}},"12":{"start":{"line":37,"column":69},"end":{"line":37,"column":85}},"13":{"start":{"line":39,"column":27},"end":{"line":39,"column":73}},"14":{"start":{"line":41,"column":8},"end":{"line":41,"column":49}},"15":{"start":{"line":43,"column":8},"end":{"line":43,"column":29}},"16":{"start":{"line":49,"column":30},"end":{"line":49,"column":86}},"17":{"start":{"line":49,"column":69},"end":{"line":49,"column":85}},"18":{"start":{"line":51,"column":24},"end":{"line":51,"column":48}},"19":{"start":{"line":53,"column":8},"end":{"line":53,"column":42}},"20":{"start":{"line":54,"column":8},"end":{"line":54,"column":18}},"21":{"start":{"line":59,"column":0},"end":{"line":59,"column":19}}},"fnMap":{"0":{"name":"(anonymous_0)","decl":{"start":{"line":8,"column":4},"end":{"line":8,"column":16}},"loc":{"start":{"line":8,"column":33},"end":{"line":10,"column":5}}},"1":{"name":"(anonymous_1)","decl":{"start":{"line":12,"column":5},"end":{"line":12,"column":9}},"loc":{"start":{"line":12,"column":24},"end":{"line":15,"column":7}}},"2":{"name":"(anonymous_2)","decl":{"start":{"line":14,"column":39},"end":{"line":14,"column":40}},"loc":{"start":{"line":14,"column":61},"end":{"line":14,"column":99}}},"3":{"name":"(anonymous_3)","decl":{"start":{"line":17,"column":6},"end":{"line":17,"column":9}},"loc":{"start":{"line":17,"column":25},"end":{"line":30,"column":7}}},"4":{"name":"(anonymous_4)","decl":{"start":{"line":20,"column":47},"end":{"line":20,"column":48}},"loc":{"start":{"line":20,"column":77},"end":{"line":20,"column":112}}},"5":{"name":"(anonymous_5)","decl":{"start":{"line":32,"column":6},"end":{"line":32,"column":9}},"loc":{"start":{"line":32,"column":38},"end":{"line":45,"column":7}}},"6":{"name":"(anonymous_6)","decl":{"start":{"line":37,"column":50},"end":{"line":37,"column":51}},"loc":{"start":{"line":37,"column":69},"end":{"line":37,"column":85}}},"7":{"name":"(anonymous_7)","decl":{"start":{"line":47,"column":6},"end":{"line":47,"column":12}},"loc":{"start":{"line":47,"column":24},"end":{"line":56,"column":7}}},"8":{"name":"(anonymous_8)","decl":{"start":{"line":49,"column":50},"end":{"line":49,"column":51}},"loc":{"start":{"line":49,"column":69},"end":{"line":49,"column":85}}}},"branchMap":{"0":{"loc":{"start":{"line":14,"column":22},"end":{"line":14,"column":100}},"type":"cond-expr","locations":[{"start":{"line":14,"column":22},"end":{"line":14,"column":100}},{"start":{"line":14,"column":101},"end":{"line":14,"column":110}}]},"1":{"loc":{"start":{"line":20,"column":99},"end":{"line":20,"column":102}},"type":"cond-expr","locations":[{"start":{"line":20,"column":99},"end":{"line":20,"column":102}},{"start":{"line":20,"column":105},"end":{"line":20,"column":112}}]},"2":{"loc":{"start":{"line":34,"column":8},"end":{"line":36,"column":null}},"type":"if","locations":[{"start":{"line":34,"column":8},"end":{"line":36,"column":null}},{"start":{"line":34,"column":8},"end":{"line":36,"column":null}}]}},"s":{"0":1,"1":1,"2":3,"3":5,"4":1,"5":4,"6":1,"7":1,"8":1,"9":1,"10":1,"11":1,"12":2,"13":1,"14":1,"15":1,"16":0,"17":0,"18":0,"19":0,"20":0,"21":1},"f":{"0":1,"1":3,"2":5,"3":1,"4":4,"5":1,"6":2,"7":0,"8":0},"b":{"0":[1,2],"1":[0,4],"2":[1,0]}}
}
