{"G:\\Proyectos\\Personales\\API\\Noticias\\api\\dist\\src\\services\\news\\newsProvider.js": {"path":"G:\\Proyectos\\Personales\\API\\Noticias\\api\\dist\\src\\services\\news\\newsProvider.js","statementMap":{"0":{"start":{"line":2,"column":0},"end":{"line":2,"column":62}},"1":{"start":{"line":5,"column":8},"end":{"line":5,"column":23}},"2":{"start":{"line":6,"column":8},"end":{"line":6,"column":25}},"3":{"start":{"line":9,"column":8},"end":{"line":9,"column":109}},"4":{"start":{"line":9,"column":57},"end":{"line":9,"column":95}},"5":{"start":{"line":13,"column":8},"end":{"line":13,"column":67}},"6":{"start":{"line":13,"column":46},"end":{"line":13,"column":65}},"7":{"start":{"line":18,"column":30},"end":{"line":18,"column":108}},"8":{"start":{"line":18,"column":65},"end":{"line":18,"column":100}},"9":{"start":{"line":19,"column":27},"end":{"line":19,"column":79}},"10":{"start":{"line":20,"column":8},"end":{"line":20,"column":35}},"11":{"start":{"line":21,"column":8},"end":{"line":21,"column":26}},"12":{"start":{"line":25,"column":8},"end":{"line":27,"column":9}},"13":{"start":{"line":26,"column":12},"end":{"line":26,"column":56}},"14":{"start":{"line":28,"column":30},"end":{"line":28,"column":80}},"15":{"start":{"line":28,"column":63},"end":{"line":28,"column":79}},"16":{"start":{"line":29,"column":30},"end":{"line":29,"column":85}},"17":{"start":{"line":30,"column":8},"end":{"line":30,"column":49}},"18":{"start":{"line":31,"column":8},"end":{"line":31,"column":29}},"19":{"start":{"line":36,"column":30},"end":{"line":36,"column":80}},"20":{"start":{"line":36,"column":63},"end":{"line":36,"column":79}},"21":{"start":{"line":37,"column":25},"end":{"line":37,"column":77}},"22":{"start":{"line":38,"column":8},"end":{"line":38,"column":43}},"23":{"start":{"line":39,"column":8},"end":{"line":39,"column":24}},"24":{"start":{"line":43,"column":0},"end":{"line":43,"column":22}}},"fnMap":{"0":{"name":"(anonymous_0)","decl":{"start":{"line":4,"column":4},"end":{"line":4,"column":5}},"loc":{"start":{"line":4,"column":22},"end":{"line":7,"column":5}},"line":4},"1":{"name":"(anonymous_1)","decl":{"start":{"line":8,"column":4},"end":{"line":8,"column":5}},"loc":{"start":{"line":8,"column":15},"end":{"line":10,"column":5}},"line":8},"2":{"name":"(anonymous_2)","decl":{"start":{"line":9,"column":41},"end":{"line":9,"column":42}},"loc":{"start":{"line":9,"column":57},"end":{"line":9,"column":95}},"line":9},"3":{"name":"(anonymous_3)","decl":{"start":{"line":12,"column":4},"end":{"line":12,"column":5}},"loc":{"start":{"line":12,"column":13},"end":{"line":14,"column":5}},"line":12},"4":{"name":"(anonymous_4)","decl":{"start":{"line":13,"column":30},"end":{"line":13,"column":31}},"loc":{"start":{"line":13,"column":46},"end":{"line":13,"column":65}},"line":13},"5":{"name":"(anonymous_5)","decl":{"start":{"line":16,"column":4},"end":{"line":16,"column":5}},"loc":{"start":{"line":16,"column":20},"end":{"line":22,"column":5}},"line":16},"6":{"name":"(anonymous_6)","decl":{"start":{"line":18,"column":47},"end":{"line":18,"column":48}},"loc":{"start":{"line":18,"column":65},"end":{"line":18,"column":100}},"line":18},"7":{"name":"(anonymous_7)","decl":{"start":{"line":24,"column":4},"end":{"line":24,"column":5}},"loc":{"start":{"line":24,"column":24},"end":{"line":32,"column":5}},"line":24},"8":{"name":"(anonymous_8)","decl":{"start":{"line":28,"column":50},"end":{"line":28,"column":51}},"loc":{"start":{"line":28,"column":63},"end":{"line":28,"column":79}},"line":28},"9":{"name":"(anonymous_9)","decl":{"start":{"line":34,"column":4},"end":{"line":34,"column":5}},"loc":{"start":{"line":34,"column":15},"end":{"line":40,"column":5}},"line":34},"10":{"name":"(anonymous_10)","decl":{"start":{"line":36,"column":50},"end":{"line":36,"column":51}},"loc":{"start":{"line":36,"column":63},"end":{"line":36,"column":79}},"line":36}},"branchMap":{"0":{"loc":{"start":{"line":9,"column":15},"end":{"line":9,"column":108}},"type":"cond-expr","locations":[{"start":{"line":9,"column":24},"end":{"line":9,"column":96}},{"start":{"line":9,"column":99},"end":{"line":9,"column":108}}],"line":9},"1":{"loc":{"start":{"line":18,"column":65},"end":{"line":18,"column":100}},"type":"cond-expr","locations":[{"start":{"line":18,"column":87},"end":{"line":18,"column":90}},{"start":{"line":18,"column":93},"end":{"line":18,"column":100}}],"line":18},"2":{"loc":{"start":{"line":25,"column":8},"end":{"line":27,"column":9}},"type":"if","locations":[{"start":{"line":25,"column":8},"end":{"line":27,"column":9}},{"start":{"line":25,"column":8},"end":{"line":27,"column":9}}],"line":25}},"s":{"0":1,"1":6,"2":6,"3":4,"4":9,"5":1,"6":1,"7":1,"8":4,"9":1,"10":1,"11":1,"12":1,"13":1,"14":1,"15":2,"16":1,"17":1,"18":1,"19":2,"20":5,"21":2,"22":2,"23":2,"24":1},"f":{"0":6,"1":4,"2":9,"3":1,"4":1,"5":1,"6":4,"7":1,"8":2,"9":2,"10":5},"b":{"0":[2,2],"1":[0,4],"2":[1,0]},"_coverageSchema":"1a1c01bbd47fc00a2c39e90264f33305004495a9","hash":"5e90a3de5fcbfa5ada9ea8c4a8967b7f2c5815a4"}
,"G:\\Proyectos\\Personales\\API\\Noticias\\api\\src\\services\\news\\newsProvider.ts": {"path":"G:\\Proyectos\\Personales\\API\\Noticias\\api\\src\\services\\news\\newsProvider.ts","statementMap":{"0":{"start":{"line":6,"column":4},"end":{"line":6,"column":27}},"1":{"start":{"line":9,"column":6},"end":{"line":9,"column":23}},"2":{"start":{"line":14,"column":8},"end":{"line":14,"column":111}},"3":{"start":{"line":14,"column":61},"end":{"line":14,"column":99}},"4":{"start":{"line":18,"column":8},"end":{"line":18,"column":73}},"5":{"start":{"line":18,"column":52},"end":{"line":18,"column":71}},"6":{"start":{"line":24,"column":30},"end":{"line":24,"column":120}},"7":{"start":{"line":24,"column":77},"end":{"line":24,"column":112}},"8":{"start":{"line":26,"column":24},"end":{"line":28,"column":null}},"9":{"start":{"line":31,"column":8},"end":{"line":31,"column":35}},"10":{"start":{"line":33,"column":8},"end":{"line":33,"column":26}},"11":{"start":{"line":38,"column":8},"end":{"line":40,"column":null}},"12":{"start":{"line":39,"column":10},"end":{"line":39,"column":54}},"13":{"start":{"line":41,"column":30},"end":{"line":41,"column":86}},"14":{"start":{"line":41,"column":69},"end":{"line":41,"column":85}},"15":{"start":{"line":43,"column":27},"end":{"line":43,"column":73}},"16":{"start":{"line":45,"column":8},"end":{"line":45,"column":49}},"17":{"start":{"line":47,"column":8},"end":{"line":47,"column":29}},"18":{"start":{"line":53,"column":30},"end":{"line":53,"column":86}},"19":{"start":{"line":53,"column":69},"end":{"line":53,"column":85}},"20":{"start":{"line":55,"column":24},"end":{"line":55,"column":76}},"21":{"start":{"line":57,"column":8},"end":{"line":57,"column":42}},"22":{"start":{"line":59,"column":8},"end":{"line":59,"column":24}},"23":{"start":{"line":63,"column":0},"end":{"line":63,"column":19}}},"fnMap":{"0":{"name":"(anonymous_0)","decl":{"start":{"line":8,"column":4},"end":{"line":8,"column":16}},"loc":{"start":{"line":8,"column":33},"end":{"line":10,"column":5}}},"1":{"name":"(anonymous_1)","decl":{"start":{"line":12,"column":5},"end":{"line":12,"column":9}},"loc":{"start":{"line":12,"column":24},"end":{"line":15,"column":7}}},"2":{"name":"(anonymous_2)","decl":{"start":{"line":14,"column":39},"end":{"line":14,"column":40}},"loc":{"start":{"line":14,"column":61},"end":{"line":14,"column":99}}},"3":{"name":"(anonymous_3)","decl":{"start":{"line":17,"column":6},"end":{"line":17,"column":10}},"loc":{"start":{"line":17,"column":21},"end":{"line":19,"column":7}}},"4":{"name":"(anonymous_4)","decl":{"start":{"line":18,"column":30},"end":{"line":18,"column":31}},"loc":{"start":{"line":18,"column":52},"end":{"line":18,"column":71}}},"5":{"name":"(anonymous_5)","decl":{"start":{"line":21,"column":6},"end":{"line":21,"column":9}},"loc":{"start":{"line":21,"column":25},"end":{"line":34,"column":7}}},"6":{"name":"(anonymous_6)","decl":{"start":{"line":24,"column":47},"end":{"line":24,"column":48}},"loc":{"start":{"line":24,"column":77},"end":{"line":24,"column":112}}},"7":{"name":"(anonymous_7)","decl":{"start":{"line":36,"column":6},"end":{"line":36,"column":9}},"loc":{"start":{"line":36,"column":38},"end":{"line":49,"column":7}}},"8":{"name":"(anonymous_8)","decl":{"start":{"line":41,"column":50},"end":{"line":41,"column":51}},"loc":{"start":{"line":41,"column":69},"end":{"line":41,"column":85}}},"9":{"name":"(anonymous_9)","decl":{"start":{"line":51,"column":6},"end":{"line":51,"column":12}},"loc":{"start":{"line":51,"column":24},"end":{"line":60,"column":7}}},"10":{"name":"(anonymous_10)","decl":{"start":{"line":53,"column":50},"end":{"line":53,"column":51}},"loc":{"start":{"line":53,"column":69},"end":{"line":53,"column":85}}}},"branchMap":{"0":{"loc":{"start":{"line":14,"column":22},"end":{"line":14,"column":100}},"type":"cond-expr","locations":[{"start":{"line":14,"column":22},"end":{"line":14,"column":100}},{"start":{"line":14,"column":101},"end":{"line":14,"column":110}}]},"1":{"loc":{"start":{"line":24,"column":99},"end":{"line":24,"column":102}},"type":"cond-expr","locations":[{"start":{"line":24,"column":99},"end":{"line":24,"column":102}},{"start":{"line":24,"column":105},"end":{"line":24,"column":112}}]},"2":{"loc":{"start":{"line":38,"column":8},"end":{"line":40,"column":null}},"type":"if","locations":[{"start":{"line":38,"column":8},"end":{"line":40,"column":null}},{"start":{"line":38,"column":8},"end":{"line":40,"column":null}}]}},"s":{"0":6,"1":6,"2":4,"3":9,"4":1,"5":1,"6":1,"7":4,"8":1,"9":1,"10":1,"11":1,"12":1,"13":1,"14":2,"15":1,"16":1,"17":1,"18":2,"19":5,"20":2,"21":2,"22":2,"23":1},"f":{"0":6,"1":4,"2":9,"3":1,"4":1,"5":1,"6":4,"7":1,"8":2,"9":2,"10":5},"b":{"0":[2,2],"1":[0,4],"2":[1,0]}}
}
