TN:
SF:dist\src\services\news\newsProvider.js
FN:4,(anonymous_0)
FN:8,(anonymous_1)
FN:9,(anonymous_2)
FN:12,(anonymous_3)
FN:13,(anonymous_4)
FN:16,(anonymous_5)
FN:18,(anonymous_6)
FN:24,(anonymous_7)
FN:28,(anonymous_8)
FN:34,(anonymous_9)
FN:36,(anonymous_10)
FNF:11
FNH:11
FNDA:6,(anonymous_0)
FNDA:4,(anonymous_1)
FNDA:9,(anonymous_2)
FNDA:1,(anonymous_3)
FNDA:1,(anonymous_4)
FNDA:1,(anonymous_5)
FNDA:4,(anonymous_6)
FNDA:1,(anonymous_7)
FNDA:2,(anonymous_8)
FNDA:2,(anonymous_9)
FNDA:5,(anonymous_10)
DA:2,1
DA:5,6
DA:6,6
DA:9,9
DA:13,1
DA:18,4
DA:19,1
DA:20,1
DA:21,1
DA:25,1
DA:26,1
DA:28,2
DA:29,1
DA:30,1
DA:31,1
DA:36,5
DA:37,2
DA:38,2
DA:39,2
DA:43,1
LF:20
LH:20
BRDA:9,0,0,2
BRDA:9,0,1,2
BRDA:18,1,0,0
BRDA:18,1,1,4
BRDA:25,2,0,1
BRDA:25,2,1,0
BRF:6
BRH:4
end_of_record
TN:
SF:src\services\news\newsProvider.ts
FN:8,(anonymous_0)
FN:12,(anonymous_1)
FN:14,(anonymous_2)
FN:17,(anonymous_3)
FN:18,(anonymous_4)
FN:21,(anonymous_5)
FN:24,(anonymous_6)
FN:36,(anonymous_7)
FN:41,(anonymous_8)
FN:51,(anonymous_9)
FN:53,(anonymous_10)
FNF:11
FNH:11
FNDA:6,(anonymous_0)
FNDA:4,(anonymous_1)
FNDA:9,(anonymous_2)
FNDA:1,(anonymous_3)
FNDA:1,(anonymous_4)
FNDA:1,(anonymous_5)
FNDA:4,(anonymous_6)
FNDA:1,(anonymous_7)
FNDA:2,(anonymous_8)
FNDA:2,(anonymous_9)
FNDA:5,(anonymous_10)
DA:6,6
DA:9,6
DA:14,9
DA:18,1
DA:24,4
DA:26,1
DA:31,1
DA:33,1
DA:38,1
DA:39,1
DA:41,2
DA:43,1
DA:45,1
DA:47,1
DA:53,5
DA:55,2
DA:57,2
DA:59,2
DA:63,1
LF:19
LH:19
BRDA:14,0,0,2
BRDA:14,0,1,2
BRDA:24,1,0,0
BRDA:24,1,1,4
BRDA:38,2,0,1
BRDA:38,2,1,0
BRF:6
BRH:4
end_of_record
