TN:
SF:src\services\news\newsProvider.ts
FN:8,(anonymous_0)
FN:12,(anonymous_1)
FN:14,(anonymous_2)
FN:17,(anonymous_3)
FN:20,(anonymous_4)
FN:32,(anonymous_5)
FN:37,(anonymous_6)
FN:47,(anonymous_7)
FN:49,(anonymous_8)
FNF:9
FNH:7
FNDA:1,(anonymous_0)
FNDA:3,(anonymous_1)
FNDA:5,(anonymous_2)
FNDA:1,(anonymous_3)
FNDA:4,(anonymous_4)
FNDA:1,(anonymous_5)
FNDA:2,(anonymous_6)
FNDA:0,(anonymous_7)
FNDA:0,(anonymous_8)
DA:6,1
DA:9,1
DA:14,5
DA:20,4
DA:22,1
DA:27,1
DA:29,1
DA:34,1
DA:35,1
DA:37,2
DA:39,1
DA:41,1
DA:43,1
DA:49,0
DA:51,0
DA:53,0
DA:54,0
DA:59,1
LF:18
LH:14
BRDA:14,0,0,1
BRDA:14,0,1,2
BRDA:20,1,0,0
BRDA:20,1,1,4
BRDA:34,2,0,1
BRDA:34,2,1,0
BRF:6
BRH:4
end_of_record
