{"C:\\tmp\\Proyectos\\Personales\\API\\Mascotas\\src\\services\\news\\newsProvider.ts": {"path":"C:\\tmp\\Proyectos\\Personales\\API\\Mascotas\\src\\services\\news\\newsProvider.ts","statementMap":{"0":{"start":{"line":2,"column":0},"end":{"line":2,"column":42}},"1":{"start":{"line":6,"column":22},"end":{"line":12,"column":null}},"2":{"start":{"line":10,"column":8},"end":{"line":10,"column":86}},"3":{"start":{"line":10,"column":46},"end":{"line":10,"column":84}},"4":{"start":{"line":14,"column":0},"end":{"line":14,"column":19}}},"fnMap":{"0":{"name":"(anonymous_1)","decl":{"start":{"line":8,"column":12},"end":{"line":8,"column":13}},"loc":{"start":{"line":8,"column":29},"end":{"line":11,"column":7}}},"1":{"name":"(anonymous_2)","decl":{"start":{"line":10,"column":32},"end":{"line":10,"column":42}},"loc":{"start":{"line":10,"column":46},"end":{"line":10,"column":84}}}},"branchMap":{},"s":{"0":1,"1":1,"2":1,"3":5,"4":1},"f":{"0":1,"1":5},"b":{}}
,"C:\\tmp\\Proyectos\\Personales\\API\\Mascotas\\src\\static\\news.ts": {"path":"C:\\tmp\\Proyectos\\Personales\\API\\Mascotas\\src\\static\\news.ts","statementMap":{"0":{"start":{"line":3,"column":31},"end":{"line":34,"column":2}},"1":{"start":{"line":36,"column":0},"end":{"line":36,"column":24}}},"fnMap":{},"branchMap":{},"s":{"0":1,"1":1},"f":{},"b":{}}
}
